<?xml version="1.0" encoding="UTF-8"?>
<!-- Generated by org.testng.reporters.JUnitReportReporter -->
<testsuite hostname="LAPTOP-KTI91PVV" failures="0" tests="1" name="Selenium.Demo1" time="0.013" errors="0" timestamp="2025-03-29T16:01:45 IST" skipped="0">
  <testcase classname="Selenium.Demo1" name="a1" time="0.013"/>
</testsuite> <!-- Selenium.Demo1 -->
